14:38:52 **** Incremental Build of configuration Debug for project Control_ECU ****
make all 
Building file: ../APP/app.c
Invoking: AVR Compiler
avr-gcc -Wall -g2 -gstabs -O0 -fpack-struct -fshort-enums -ffunction-sections -fdata-sections -std=gnu99 -funsigned-char -funsigned-bitfields -mmcu=atmega32 -DF_CPU=8000000UL -MMD -MP -MF"APP/app.d" -MT"APP/app.o" -c -o "APP/app.o" "../APP/app.c"
In file included from ../APP/app.h:24,
                 from ../APP/app.c:21:
c:/winavr-20100110/lib/gcc/../../avr/include/util/delay.h:90:3: warning: #warning "Compiler optimizations disabled; functions from <util/delay.h> won't work as designed"
Finished building: ../APP/app.c
 
Building file: ../main.c
Invoking: AVR Compiler
avr-gcc -Wall -g2 -gstabs -O0 -fpack-struct -fshort-enums -ffunction-sections -fdata-sections -std=gnu99 -funsigned-char -funsigned-bitfields -mmcu=atmega32 -DF_CPU=8000000UL -MMD -MP -MF"main.d" -MT"main.o" -c -o "main.o" "../main.c"
In file included from ../main.c:21:
c:/winavr-20100110/lib/gcc/../../avr/include/util/delay.h:90:3: warning: #warning "Compiler optimizations disabled; functions from <util/delay.h> won't work as designed"
Finished building: ../main.c
 
Building target: Control_ECU.elf
Invoking: AVR C Linker
avr-gcc -Wl,-Map,Control_ECU.map -mmcu=atmega32 -o "Control_ECU.elf"  ./MCAL/UART/uart.o ./MCAL/UART/uart_Cfg.o  ./MCAL/TWI/twi.o ./MCAL/TWI/twi_Cfg.o  ./MCAL/TIMER/timer.o ./MCAL/TIMER/timer_Cfg.o  ./MCAL/GPIO/gpio.o  ./HAL/EXTERNAL_EEPROM/external_eeprom.o  ./HAL/DCMOTOR/DcMotor.o  ./HAL/BUZZER/buzzer.o  ./APP/app.o  ./main.o   
Finished building target: Control_ECU.elf
 
Invoking: AVR Create Extended Listing
avr-objdump -h -S Control_ECU.elf  >"Control_ECU.lss"
Finished building: Control_ECU.lss
 
Invoking: Print Size
avr-size --format=avr --mcu=atmega32 Control_ECU.elf
AVR Memory Usage
----------------
Device: atmega32

Program:   14436 bytes (44.1% Full)
(.text + .data + .bootloader)

Data:        318 bytes (15.5% Full)
(.data + .bss + .noinit)


Finished building: sizedummy
 

14:38:54 Build Finished. 0 errors, 2 warnings. (took 2s.77ms)

