14:35:24 **** Incremental Build of configuration Debug for project HMI_ECU ****
make all 
Building file: ../main.c
Invoking: AVR Compiler
avr-gcc -Wall -g2 -gstabs -O0 -fpack-struct -fshort-enums -ffunction-sections -fdata-sections -std=gnu99 -funsigned-char -funsigned-bitfields -mmcu=atmega32 -DF_CPU=8000000UL -MMD -MP -MF"main.d" -MT"main.o" -c -o "main.o" "../main.c"
In file included from ../main.c:21:
c:/winavr-20100110/lib/gcc/../../avr/include/util/delay.h:90:3: warning: #warning "Compiler optimizations disabled; functions from <util/delay.h> won't work as designed"
Finished building: ../main.c
 
Building target: HMI_ECU.elf
Invoking: AVR C Linker
avr-gcc -Wl,-Map,HMI_ECU.map -mmcu=atmega32 -o "HMI_ECU.elf"  ./MCAL/UART/uart.o ./MCAL/UART/uart_Cfg.o  ./MCAL/TIMER/timer.o ./MCAL/TIMER/timer_Cfg.o  ./MCAL/GPIO/gpio.o  ./HAL/LCD/lcd.o  ./HAL/KEYPAD/keypad.o  ./APP/app.o  ./main.o   
Finished building target: HMI_ECU.elf
 
Invoking: AVR Create Extended Listing
avr-objdump -h -S HMI_ECU.elf  >"HMI_ECU.lss"
Finished building: HMI_ECU.lss
 
Invoking: Print Size
avr-size --format=avr --mcu=atmega32 HMI_ECU.elf
AVR Memory Usage
----------------
Device: atmega32

Program:   22974 bytes (70.1% Full)
(.text + .data + .bootloader)

Data:        600 bytes (29.3% Full)
(.data + .bss + .noinit)


Finished building: sizedummy
 

14:35:25 Build Finished. 0 errors, 1 warnings. (took 1s.601ms)

