01:38:19 **** Incremental Build of configuration Debug for project Mcu1 ****
make all 
Building file: ../app.c
Invoking: AVR Compiler
avr-gcc -Wall -g2 -gstabs -O0 -fpack-struct -fshort-enums -ffunction-sections -fdata-sections -std=gnu99 -funsigned-char -funsigned-bitfields -mmcu=atmega32 -DF_CPU=8000000UL -MMD -MP -MF"app.d" -MT"app.o" -c -o "app.o" "../app.c"
In file included from ../app.h:23,
                 from ../app.c:21:
c:/winavr-20100110/lib/gcc/../../avr/include/util/delay.h:90:3: warning: #warning "Compiler optimizations disabled; functions from <util/delay.h> won't work as designed"
Finished building: ../app.c
 
Building target: Mcu1.elf
Invoking: AVR C Linker
avr-gcc -Wl,-Map,Mcu1.map -mmcu=atmega32 -o "Mcu1.elf"  ./app.o ./gpio.o ./keypad.o ./lcd.o ./main.o ./timer.o ./timer_Cfg.o ./uart.o ./uart_Cfg.o   
Finished building target: Mcu1.elf
 
Invoking: AVR Create Extended Listing
avr-objdump -h -S Mcu1.elf  >"Mcu1.lss"
Finished building: Mcu1.lss
 
Invoking: Print Size
avr-size --format=avr --mcu=atmega32 Mcu1.elf
AVR Memory Usage
----------------
Device: atmega32

Program:   20120 bytes (61.4% Full)
(.text + .data + .bootloader)

Data:        416 bytes (20.3% Full)
(.data + .bss + .noinit)


Finished building: sizedummy
 

01:38:20 Build Finished. 0 errors, 1 warnings. (took 1s.609ms)

