02:25:08 **** Incremental Build of configuration Debug for project Mcu2 ****
make all 
Building file: ../main.c
Invoking: AVR Compiler
avr-gcc -Wall -g2 -gstabs -O0 -fpack-struct -fshort-enums -ffunction-sections -fdata-sections -std=gnu99 -funsigned-char -funsigned-bitfields -mmcu=atmega32 -DF_CPU=8000000UL -MMD -MP -MF"main.d" -MT"main.o" -c -o "main.o" "../main.c"
In file included from ../main.c:21:
c:/winavr-20100110/lib/gcc/../../avr/include/util/delay.h:90:3: warning: #warning "Compiler optimizations disabled; functions from <util/delay.h> won't work as designed"
Finished building: ../main.c
 
Building target: Mcu2.elf
Invoking: AVR C Linker
avr-gcc -Wl,-Map,Mcu2.map -mmcu=atmega32 -o "Mcu2.elf"  ./DcMotor.o ./app.o ./buzzer.o ./external_eeprom.o ./gpio.o ./lcd.o ./main.o ./timer.o ./timer_Cfg.o ./twi.o ./twi_Cfg.o ./uart.o ./uart_Cfg.o   
Finished building target: Mcu2.elf
 
Invoking: AVR Create Extended Listing
avr-objdump -h -S Mcu2.elf  >"Mcu2.lss"
Finished building: Mcu2.lss
 
Invoking: Print Size
avr-size --format=avr --mcu=atmega32 Mcu2.elf
AVR Memory Usage
----------------
Device: atmega32

Program:   19724 bytes (60.2% Full)
(.text + .data + .bootloader)

Data:        328 bytes (16.0% Full)
(.data + .bss + .noinit)


Finished building: sizedummy
 

02:25:15 Build Finished. 0 errors, 1 warnings. (took 6s.481ms)

